
--- NEW SESSION: 17/12/2019 11:51:06 ---
/finger/commonPoints.pointsInROI.drawSize = 2

--- NEW SESSION: 17/12/2019 11:55:08 ---
/finger/commonPoints.drawSize = 1

--- NEW SESSION: 17/12/2019 12:16:25 ---
/cableNode/rigidBase/MappedFrames/cubeTopo/Triangle.color = 1 0.498039 0 1

--- NEW SESSION: 17/12/2019 12:18:33 ---
/cableNode/rigidBase/MappedFrames/FramesMO.velocity = 0 0 0 0 0 0 0 0 0 0 0 0 0 0 0 0 0 0 0 0 0 0 0 0 0 0 0 0 0 0 0 0 0 0 0 0 0 0 0 0 0 0 0 0 0 0 0 0 0 0 0 0 0 0 0 0 0 0 0 0 0 0 0 0 0 0 0 0 0 0 0 0 0 0 0 0 0 0 0 0 0 0 0 0 0 0 0 0 0 0 nan nan nan -nan -nan -nan
/cableNode/rigidBase/MappedFrames/FramesMO.force = 0 0 0 0 0 0 0 0 0 0 0 0 0 0 0 0 0 0 0 0 0 0 0 0 0 0 0 0 0 0 0 0 0 0 0 0 0 0 0 0 0 0 0 0 0 0 0 0 0 0 0 0 0 0 0 0 0 0 0 0 0 0 0 0 0 0 0 0 0 0 0 0 0 0 0 0 0 0 0 0 0 0 0 0 0 0 0 0 0 0 0 0 0 0 0 0
/cableNode/rigidBase/MappedFrames/FramesMO.externalForce = 0 0 0 0 0 0 0 0 0 0 0 0 0 0 0 0 0 0 0 0 0 0 0 0 0 0 0 0 0 0 0 0 0 0 0 0 0 0 0 0 0 0 0 0 0 0 0 0 0 0 0 0 0 0 0 0 0 0 0 0 0 0 0 0 0 0 0 0 0 0 0 0 0 0 0 0 0 0 0 0 0 0 0 0 0 0 0 0 0 0 0 0 0 0 0 0
/cableNode/rigidBase/MappedFrames/FramesMO.derivX = 0 0 0 0 0 0 0 0 0 0 0 0 0 0 0 0 0 0 0 0 0 0 0 0 0 0 0 0 0 0 0 0 0 0 0 0 0 0 0 0 0 0 0 0 0 0 0 0 0 0 0 0 0 0 0 0 0 0 0 0 0 0 0 0 0 0 0 0 0 0 0 0 0 0 0 0 0 0 0 0 0 0 0 0 0 0 0 0 0 0 0 0 0 0 0 0
/cableNode/rigidBase/MappedFrames/FramesMO.9(V_DERIV) = 0 0 0 0 0 0 0 0 0 0 0 0 0 0 0 0 0 0 0 0 0 0 0 0 0 0 0 0 0 0 0 0 0 0 0 0 0 0 0 0 0 0 0 0 0 0 0 0 0 0 0 0 0 0 0 0 0 0 0 0 0 0 0 0 0 0 0 0 0 0 0 0 0 0 0 0 0 0 0 0 0 0 0 0 0 0 0 0 0 0 0 0 0 0 0 0
/cableNode/rigidBase/MappedFrames/FramesMO.10(V_DERIV) = 0 0 0 0 0 0 0 0 0 0 0 0 0 0 0 0 0 0 0 0 0 0 0 0 0 0 0 0 0 0 0 0 0 0 0 0 0 0 0 0 0 0 0 0 0 0 0 0 0 0 0 0 0 0 0 0 0 0 0 0 0 0 0 0 0 0 0 0 0 0 0 0 0 0 0 0 0 0 0 0 0 0 0 0 0 0 0 0 0 0 0 0 0 0 0 0
/cableNode/rigidBase/MappedFrames/FramesMO.11(V_DERIV) = 0 0 0 0 0 0 0 0 0 0 0 0 0 0 0 0 0 0 0 0 0 0 0 0 0 0 0 0 0 0 0 0 0 0 0 0 0 0 0 0 0 0 0 0 0 0 0 0 0 0 0 0 0 0 0 0 0 0 0 0 0 0 0 0 0 0 0 0 0 0 0 0 0 0 0 0 0 0 0 0 0 0 0 0 0 0 0 0 0 0 0 0 0 0 0 0
/cableNode/rigidBase/MappedFrames/FramesMO.dforce(V_DERIV) = 0 0 0 0 0 0 0 0 0 0 0 0 0 0 0 0 0 0 0 0 0 0 0 0 0 0 0 0 0 0 0 0 0 0 0 0 0 0 0 0 0 0 0 0 0 0 0 0 0 0 0 0 0 0 0 0 0 0 0 0 0 0 0 0 0 0 0 0 0 0 0 0 0 0 0 0 0 0 0 0 0 0 0 0 0 0 0 0 0 0 0 0 0 0 0 0
/cableNode/rigidBase/MappedFrames/FramesMO.12(V_DERIV) = 0 0 0 0 0 0 0 0 0 0 0 0 0 0 0 0 0 0 0 0 0 0 0 0 0 0 0 0 0 0 0 0 0 0 0 0 0 0 0 0 0 0 0 0 0 0 0 0 0 0 0 0 0 0 0 0 0 0 0 0 0 0 0 0 0 0 0 0 0 0 0 0 0 0 0 0 0 0 0 0 0 0 0 0 0 0 0 0 0 0 0 0 0 0 0 0

--- NEW SESSION: 18/12/2019 19:11:49 ---
/finger/ROI1.drawSize = 1
/finger/ROI1.drawBoxes = 1
/finger/ROI1.drawBoxes = 0
/finger/commonPoints.drawBoxes = 1
/finger/commonPoints.drawSize = 2

--- NEW SESSION: 18/12/2019 19:13:48 ---
/finger/commonPoints.drawBoxes = 1

--- NEW SESSION: 18/12/2019 19:30:36 ---
/cableNode/rigidBase/MappedFrames/FramesMO.velocity = 0 0 0 0 0 0 0 0 0 0 0 0 0 0 0 0 0 0 0 0 0 0 0 0 0 0 0 0 0 0 0 0 0 0 0 0 0 0 0 0 0 0 0 0 0 0 0 0 0 0 0 0 0 0 0 0 0 0 0 0 0 0 0 0 0 0 0 0 0 0 0 0 0 0 0 0 0 0 0 0 0 0 0 0 0 3.7457e-309 -1.93674e-321 2.09425e-319 9.68369e-322 1.87285e-309 0 2.87951e-308 -9.36425e-310 9.36425e-310 9.36425e-310 4.21391e-309 0 5.57173e-308 -1.14712e-308 3.27749e-309 3.27749e-309 6.55497e-309
/cableNode/rigidBase/MappedFrames/FramesMO.force = 0 0 0 0 0 0 0 0 0 0 0 0 0 0 0 0 0 0 0 0 0 0 0 0 0 0 0 0 0 0 0 0 0 0 0 0 0 0 0 0 0 0 0 0 0 0 0 0 0 0 0 0 0 0 0 0 0 0 0 0 0 0 0 0 0 0 0 0 0 0 0 0 0 0 0 0 0 0 0 0 0 0 0 0 0 0 0 0 0 0 0 0 0 0 0 0 0 0 0 0 0 0
/cableNode/rigidBase/MappedFrames/FramesMO.externalForce = 0 0 0 0 0 0 0 0 0 0 0 0 0 0 0 0 0 0 0 0 0 0 0 0 0 0 0 0 0 0 0 0 0 0 0 0 0 0 0 0 0 0 0 0 0 0 0 0 0 0 0 0 0 0 0 0 0 0 0 0 0 0 0 0 0 0 0 0 0 0 0 0 0 0 0 0 0 0 0 0 0 0 0 0 0 0 0 0 0 0 0 0 0 0 0 0 0 0 0 0 0 0
/cableNode/rigidBase/MappedFrames/FramesMO.derivX = 0 0 0 0 0 0 0 0 0 0 0 0 0 0 0 0 0 0 0 0 0 0 0 0 0 0 0 0 0 0 0 0 0 0 0 0 0 0 0 0 0 0 0 0 0 0 0 0 0 0 0 0 0 0 0 0 0 0 0 0 0 0 0 0 0 0 0 0 0 0 0 0 0 0 0 0 0 0 0 0 0 0 0 0 0 0 0 0 0 0 0 0 0 0 0 0 0 0 0 0 0 0
/cableNode/rigidBase/MappedFrames/FramesMO.11(V_DERIV) = 0 0 0 0 0 0 0 0 0 0 0 0 0 0 0 0 0 0 0 0 0 0 0 0 0 0 0 0 0 0 0 0 0 0 0 0 0 0 0 0 0 0 0 0 0 0 0 0 0 0 0 0 0 0 0 0 0 0 0 0 0 0 0 0 0 0 0 0 0 0 0 0 0 0 0 0 0 0 0 0 0 0 0 0 0 0 0 0 0 0 0 0 0 0 0 0 0 0 0 0 0 0
/cableNode/rigidBase/MappedFrames/FramesMO.10(V_DERIV) = 0 0 0 0 0 0 0 0 0 0 0 0 0 0 0 0 0 0 0 0 0 0 0 0 0 0 0 0 0 0 0 0 0 0 0 0 0 0 0 0 0 0 0 0 0 0 0 0 0 0 0 0 0 0 0 0 0 0 0 0 0 0 0 0 0 0 0 0 0 0 0 0 0 0 0 0 0 0 0 0 0 0 0 0 0 0 0 0 0 0 0 0 0 0 0 0 0 0 0 0 0 0
/cableNode/rigidBase/MappedFrames/FramesMO.9(V_DERIV) = 0 0 0 0 0 0 0 0 0 0 0 0 0 0 0 0 0 0 0 0 0 0 0 0 0 0 0 0 0 0 0 0 0 0 0 0 0 0 0 0 0 0 0 0 0 0 0 0 0 0 0 0 0 0 0 0 0 0 0 0 0 0 0 0 0 0 0 0 0 0 0 0 0 0 0 0 0 0 0 0 0 0 0 0 0 0 0 0 0 0 0 0 0 0 0 0 0 0 0 0 0 0
/cableNode/rigidBase/MappedFrames/FramesMO.dforce(V_DERIV) = 0 0 0 0 0 0 0 0 0 0 0 0 0 0 0 0 0 0 0 0 0 0 0 0 0 0 0 0 0 0 0 0 0 0 0 0 0 0 0 0 0 0 0 0 0 0 0 0 0 0 0 0 0 0 0 0 0 0 0 0 0 0 0 0 0 0 0 0 0 0 0 0 0 0 0 0 0 0 0 0 0 0 0 0 0 0 0 0 0 0 0 0 0 0 0 0 0 0 0 0 0 0
/cableNode/rigidBase/MappedFrames/FramesMO.12(V_DERIV) = 0 0 0 0 0 0 0 0 0 0 0 0 0 0 0 0 0 0 0 0 0 0 0 0 0 0 0 0 0 0 0 0 0 0 0 0 0 0 0 0 0 0 0 0 0 0 0 0 0 0 0 0 0 0 0 0 0 0 0 0 0 0 0 0 0 0 0 0 0 0 0 0 0 0 0 0 0 0 0 0 0 0 0 0 0 0 0 0 0 0 0 0 0 0 0 0 0 0 0 0 0 0

--- NEW SESSION: 18/12/2019 20:15:30 ---
/cableNode/rigidBase/MappedFrames/cubeTopo/loader.drawTriangles = 1
/cableNode/rigidBase/MappedFrames/cubeTopo/loader.drawEdges = 1

--- NEW SESSION: 19/12/2019 07:34:08 ---
/cableNode/rigidBase/MappedFrames/cubeTopo/Triangle.color = 0.533333 0.541176 0.521569 1

--- NEW SESSION: 19/12/2019 08:58:00 ---
/cableNode/rigidBase/MappedFrames/cubeTopo/Triangle.color = 0.533333 0.541176 0.521569 1

--- NEW SESSION: 19/12/2019 11:41:38 ---
/cableNode/rigidBase/MappedFrames/cubeTopo/cube_mstate.listening = 1
/cableNode/rigidBase/MappedFrames/cubeTopo/cube_mstate.constraint = 0 28 171 -0.471359 -0 -0  172 -0.0286408 -0 -0  174 0.350915 0 0  175 0.149085 0 0  177 0.230465 0 0  178 0.269535 0 0  183 -0.471359 -0 -0  184 -0.0286408 -0 -0  186 0.350915 0 0  187 0.149085 0 0  189 0.230465 0 0  190 0.269535 0 0  195 -0.942718 -0 -0  196 -0.0572815 -0 -0  198 0.70183 0 0  199 0.29817 0 0  201 0.460931 0 0  202 0.539069 0 0  207 -2.67938e-15 -0 -0  208 -1.62804e-16 -0 -0  210 0.350915 0 0  211 0.149085 0 0  213 0.230465 0 0  214 0.269535 0 0  222 0.350915 0 0  223 0.149085 0 0  225 0.230465 0 0  226 0.269535 0 0  
1 28 171 0 0.471359 0  172 0 0.0286408 0  174 0 0.350915 0  175 0 0.149085 0  177 0 0.230465 0  178 0 0.269535 0  183 0 0.471359 0  184 0 0.0286408 0  186 0 0.350915 0  187 0 0.149085 0  189 0 0.230465 0  190 0 0.269535 0  195 0 0.942718 0  196 0 0.0572815 0  198 0 0.70183 0  199 0 0.29817 0  201 0 0.460931 0  202 0 0.539069 0  207 0 2.67938e-15 0  208 0 1.62804e-16 0  210 0 0.350915 0  211 0 0.149085 0  213 0 0.230465 0  214 0 0.269535 0  222 0 0.350915 0  223 0 0.149085 0  225 0 0.230465 0  226 0 0.269535 0  
2 28 171 0 0 0.471359  172 0 0 0.0286408  174 0 0 0.350915  175 0 0 0.149085  177 0 0 0.230465  178 0 0 0.269535  183 0 0 0.471359  184 0 0 0.0286408  186 0 0 0.350915  187 0 0 0.149085  189 0 0 0.230465  190 0 0 0.269535  195 0 0 0.942718  196 0 0 0.0572815  198 0 0 0.70183  199 0 0 0.29817  201 0 0 0.460931  202 0 0 0.539069  207 0 0 2.67938e-15  208 0 0 1.62804e-16  210 0 0 0.350915  211 0 0 0.149085  213 0 0 0.230465  214 0 0 0.269535  222 0 0 0.350915  223 0 0 0.149085  225 0 0 0.230465  226 0 0 0.269535  

