
--- NEW SESSION: 22/12/2019 12:05:13 ---
/cableNode/rigidBase/MappedFrames/FramesMO.velocity = 8.15603e-07 -3.1075e-06 -5.13154e-09 -1.11351e-05 6.63498e-05 -0.000743032 -0.000164725 0.0810216 0.000339966 0.000782711 -0.00020086 0.033153 -0.00134345 0.331523 0.00204116 0.00157662 -0.000468617 0.067049 -0.00455839 0.751496 0.00513021 0.00237058 -0.000736919 0.100945 -0.00987454 1.29387 0.00999665 0.00410896 -0.001146 0.116014 -0.0256124 2.6046 0.0262578 0.00758587 -0.00196529 0.146153 -0.0352339 3.32478 0.0380932 0.00829685 -0.00255708 0.141948 -0.0445235 4.02393 0.0529301 0.00900798 -0.00314831 0.137744 -0.0534847 4.70207 0.0707653 0.00971926 -0.00373899 0.13354 -0.0746708 6.09425 0.132204 0.00785183 -0.00828636 0.144936 -0.0881321 6.83302 0.179989 0.00692369 -0.0105634 0.150633 -0.109704 7.81447 0.2567 0.00576908 -0.0147384 0.176608 -0.134003 8.72228 0.331751 0.0048179 -0.0150117 0.186656 -0.163764 9.68019 0.408135 0.00386766 -0.0152889 0.196704 -0.231641 11.5198 0.546648 0.00221009 -0.0146643 0.209361 -0.275412 12.5749 0.617628 0.00133331 -0.013715 0.213711 -0.323177 13.6574 0.684645 0.00047181 -0.0130389 0.219692 -0.375142 14.7762 0.749063 -0.000370498 -0.0127517 0.228315 -0.408826 15.476 0.78718 -0.000687175 -0.0127404 0.238755
/cableNode/rigidBase/MappedFrames/FramesMO.force = 0 0 0 0 0 0 0 0 0 0 0 0 0 0 0 0 0 0 0 0 0 0 0 0 0 0 0 0 0 0 0 0 0 0 0 0 0 0 0 0 0 0 0 0 0 0 0 0 0 0 0 0 0 0 0 0 0 0 0 0 0 0 0 0 0 0 0 0 0 0 0 0 0 0 0 0 0 0 0 0 0 0 0 0 0 0 0 0 0 0 0 0 0 0 0 0 0 0 0 0 0 0 0 0 0 0 0 0 0 0 0 0 0 0
/cableNode/rigidBase/MappedFrames/FramesMO.derivX = 0 0 0 0 0 0 0 0 0 0 0 0 0 0 0 0 0 0 0 0 0 0 0 0 0 0 0 0 0 0 0 0 0 0 0 0 0 0 0 0 0 0 0 0 0 0 0 0 0 0 0 0 0 0 0 0 0 0 0 0 0 0 0 0 0 0 0 0 0 0 0 0 0 0 0 0 0 0 0 0 0 0 0 0 0 0 0 0 0 0 0 0 0 0 0 0 0 0 0 0 0 0 0 0 0 0 0 0 0 0 0 0 0 0
/cableNode/rigidBase/MappedFrames/FramesMO.free_velocity = 8.17572e-07 -2.53182e-06 -3.20306e-08 0.000146792 0.000276484 -0.000765992 -0.000192294 0.106287 -0.00381482 -0.00379944 0.00124038 0.0432816 -0.00155835 0.432812 -0.012518 -0.00774908 0.00219023 0.0873292 -0.00527723 0.979567 -0.0261451 -0.0117021 0.00312602 0.131377 -0.0135161 1.91982 -0.0463363 -0.0204253 0.00466426 0.244734 -0.0520908 5.50057 -0.111135 -0.0378884 0.00764767 0.47145 -0.0855167 8.30677 -0.156546 -0.0447422 0.0095295 0.651095 -0.129519 12.0112 -0.211706 -0.0516032 0.011387 0.830741 -0.184037 16.6137 -0.27649 -0.0584714 0.0132203 1.01039 -0.334798 27.5254 -0.476402 -0.0659603 0.0250384 1.17211 -0.435958 33.5875 -0.621967 -0.0697368 0.0309275 1.25297 -0.585092 40.9836 -0.848047 -0.0741558 0.0415345 1.21279 -0.733454 46.9658 -1.06679 -0.073973 0.0423113 1.18073 -0.902284 52.7872 -1.29093 -0.0737928 0.0430885 1.14867 -1.25483 62.9512 -1.702 -0.0719842 0.0416511 1.13655 -1.48072 68.7037 -1.91757 -0.0699732 0.0393322 1.17297 -1.73168 74.6976 -2.12438 -0.0680101 0.0376858 1.22661 -2.01061 81.0191 -2.32569 -0.0661126 0.0369991 1.30433 -2.19259 84.9997 -2.44548 -0.0654216 0.0369326 1.35203
/cableNode/rigidBase/MappedFrames/FramesMO.dforce(V_DERIV) = 0 0 0 0 0 0 0 0 0 0 0 0 0 0 0 0 0 0 0 0 0 0 0 0 0 0 0 0 0 0 0 0 0 0 0 0 0 0 0 0 0 0 0 0 0 0 0 0 0 0 0 0 0 0 0 0 0 0 0 0 0 0 0 0 0 0 0 0 0 0 0 0 0 0 0 0 0 0 0 0 0 0 0 0 0 0 0 0 0 0 0 0 0 0 0 0 0 0 0 0 0 0 0 0 0 0 0 0 0 0 0 0 0 0
/cableNode/rigidBase/MappedFrames/FramesMO.constraint = 0 3 11 0.278951 0 0 0 2.04068 -0.83074  12 0.420934 0 0 0 3.2473 -1.25598  13 0.300115 0 0 0 2.2159 -0.886453  
1 3 11 0 0.278951 0 -2.04068 0 -0.147523  12 0 0.420934 0 -3.2473 0 -0.0953188  13 0 0.300115 0 -2.2159 0 -0.357218  
2 3 11 0 0 0.278951 0.83074 0.147523 0  12 0 0 0.420934 1.25598 0.0953188 0  13 0 0 0.300115 0.886453 0.357218 0  
3 3 11 0.372446 0 0 0 0.0014801 -1.1132  12 0.24784 0 0 0 0.00120583 -0.747029  13 0.379713 0 0 0 0.00126196 -1.12569  
4 3 11 0 0.372446 0 -0.0014801 0 -0.194654  12 0 0.24784 0 -0.00120583 0 0.120213  13 0 0.379713 0 -0.00126196 0 -0.449499  
5 3 11 0 0 0.372446 1.1132 0.194654 0  12 0 0 0.24784 0.747029 -0.120213 0  13 0 0 0.379713 1.12569 0.449499 0  
6 3 11 0.278951 0 0 0 -2.03846 -0.836769  12 0.420934 0 0 0 -3.24374 -1.26555  13 0.300115 0 0 0 -2.2139 -0.892974  
7 3 11 0 0.278951 0 2.03846 0 -0.144057  12 0 0.420934 0 3.24374 0 -0.0897082  13 0 0.300115 0 2.2139 0 -0.353325  
8 3 11 0 0 0.278951 0.836769 0.144057 0  12 0 0 0.420934 1.26555 0.0897082 0  13 0 0 0.300115 0.892974 0.353325 0  
9 3 6 0.352252 0 0 0 -2.63915 -1.06933  7 0.459317 0 0 0 -3.48337 -1.37976  8 0.188431 0 0 0 -1.37421 -0.570911  
10 3 6 0 0.352252 0 2.63915 0 0.852504  7 0 0.459317 0 3.48337 0 -0.157131  8 0 0.188431 0 1.37421 0 0.336272  
11 3 6 0 0 0.352252 1.06933 -0.852504 0  7 0 0 0.459317 1.37976 0.157131 0  8 0 0 0.188431 0.570911 -0.336272 0  
12 3 6 0.356144 0 0 0 0.00113354 -1.07876  7 0.39981 0 0 0 0.00110386 -1.19328  8 0.244046 0 0 0 0.000980974 -0.737337  
13 3 6 0 0.356144 0 -0.00113354 0 0.861398  7 0 0.39981 0 -0.00110386 0 -0.525101  8 0 0.244046 0 -0.000980974 0 0.435026  
14 3 6 0 0 0.356144 1.07876 -0.861398 0  7 0 0 0.39981 1.19328 0.525101 0  8 0 0 0.244046 0.737337 -0.435026 0  
15 3 6 0.352252 0 0 0 2.6414 -1.06461  7 0.459317 0 0 0 3.48613 -1.37258  8 0.188431 0 0 0 1.37573 -0.567704  
16 3 6 0 0.352252 0 -2.6414 0 0.851463  7 0 0.459317 0 -3.48613 0 -0.158789  8 0 0.188431 0 -1.37573 0 0.335507  
17 3 6 0 0 0.352252 1.06461 -0.851463 0  7 0 0 0.459317 1.37258 0.158789 0  8 0 0 0.188431 0.567704 -0.335507 0  
18 4 1 0.402634 0 0 0 -3.09894 -1.21287  2 0.540084 0 0 0 -3.97107 -1.619  3 0.0257836 0 0 0 -0.196733 -0.0781683  4 0.0314979 0 0 0 -0.23282 -0.0942099  
19 4 1 0 0.402634 0 3.09894 0 1.75376  2 0 0.540084 0 3.97107 0 -0.352217  3 0 0.0257836 0 0.196733 0 0.095489  4 0 0.0314979 0 0.23282 0 -0.0409476  
20 4 1 0 0 0.402634 1.21287 -1.75376 0  2 0 0 0.540084 1.619 0.352217 0  3 0 0 0.0257836 0.0781683 -0.095489 0  4 0 0 0.0314979 0.0942099 0.0409476 0  
21 4 1 0.236772 0 0 0 7.97896e-05 -0.713097  2 0.705947 0 0 0 0.000307488 -2.1154  3 0.0181521 0 0 0 1.7089e-05 -0.0549993  4 0.0391294 0 0 0 4.29256e-05 -0.116918  
22 4 1 0 0.236772 0 -7.97896e-05 0 1.03127  2 0 0.705947 0 -0.000307488 0 -0.460612  3 0 0.0181521 0 -1.7089e-05 0 0.0672171  4 0 0.0391294 0 -4.29256e-05 0 -0.0508959  
23 4 1 0 0 0.236772 0.713097 -1.03127 0  2 0 0 0.705947 2.1154 0.460612 0  3 0 0 0.0181521 0.0549993 -0.0672171 0  4 0 0 0.0391294 0.116918 0.0508959 0  
24 4 1 0.402634 0 0 0 3.09922 -1.2124  2 0.540084 0 0 0 3.97154 -1.61777  3 0.0257836 0 0 0 0.196781 -0.0780763  4 0.0314979 0 0 0 0.232889 -0.0940198  
25 4 1 0 0.402634 0 -3.09922 0 1.75361  2 0 0.540084 0 -3.97154 0 -0.352566  3 0 0.0257836 0 -0.196781 0 0.0954643  4 0 0.0314979 0 -0.232889 0 -0.0409915  
26 4 1 0 0 0.402634 1.2124 -1.75361 0  2 0 0 0.540084 1.61777 0.352566 0  3 0 0 0.0257836 0.0780763 -0.0954643 0  4 0 0 0.0314979 0.0940198 0.0409915 0  
27 2 17 0.222222 0 0 0 0.00118682 -0.529557  18 0.777778 0 0 0 0.00189728 -1.49839  
28 2 17 0 0.222222 0 -0.00118682 0 0.643438  18 0 0.777778 0 -0.00189728 0 -0.069421  
29 2 17 0 0 0.222222 0.529557 -0.643438 0  18 0 0 0.777778 1.49839 0.069421 0  
30 2 17 0.456308 0 0 0 -3.47759 -0.980281  18 0.543692 0 0 0 -4.01873 -1.08917  
31 2 17 0 0.456308 0 3.47759 0 1.32892  18 0 0.543692 0 4.01873 0 -0.0471588  
32 2 17 0 0 0.456308 0.980281 -1.32892 0  18 0 0 0.543692 1.08917 0.0471588 0  
33 2 17 0.456308 0 0 0 3.48218 -0.971121  18 0.543692 0 0 0 4.02148 -1.07871  
34 2 17 0 0.456308 0 -3.48218 0 1.32362  18 0 0.543692 0 -4.02148 0 -0.0532799  
35 2 17 0 0 0.456308 0.971121 -1.32362 0  18 0 0 0.543692 1.07871 0.0532799 0  

/cableNode/rigidBase/MappedFrames/FramesMO.9(V_DERIV) = 0 0 0 0 0 0 -0.00816567 -0.014465 -0.0013346 -0.0983277 0.0726797 -0.0384072 -0.0104943 -0.020498 -0.00180598 -0.126261 0.0845071 0.044829 -0.000519375 -0.000934732 -8.5586e-05 -0.00624637 0.00456193 -0.00188703 -0.000614444 -0.00118969 -0.000105242 -0.0073998 0.00488684 0.00338477 0 0 0 0 0 0 -0.00422522 0.0363564 0.00910472 0.0608747 0.0314203 0.100787 -0.00570799 0.0447089 0.0118082 0.07936 0.0749742 -0.0143676 -0.00209565 0.0216844 0.00492337 0.0322012 0.0190491 0.0450227 0 0 0 0 0 0 0 0 0 0 0 0 -0.0573341 -0.0296478 -0.00255984 0.0410084 -0.360383 0.186371 -0.0835502 -0.0339494 -0.00383631 0.0659012 -0.572159 0.250978 -0.0614856 -0.0311763 -0.00275228 0.0446587 -0.393125 0.218658 0 0 0 0 0 0 0 0 0 0 0 0 0 0 0 0 0 0 0.0523703 0.00683251 -0.00312893 -0.0228943 0.00171932 -0.104873 0.181822 0.0222729 -0.0102272 -0.0376636 -0.0092772 -0.352348
/cableNode/rigidBase/MappedFrames/FramesMO.11(V_DERIV) = 0 0 0 0 0 0 0 0 0 0 0 0 0 0 0 0 0 0 0 0 0 0 0 0 0 0 0 0 0 0 0 0 0 0 0 0 0 0 0 0 0 0 0 0 0 0 0 0 0 0 0 0 0 0 0 0 0 0 0 0 0 0 0 0 0 0 0 0 0 0 0 0 0 0 0 0 0 0 0 0 0 0 0 0 0 0 0 0 0 0 0 0 0 0 0 0 0 0 0 0 0 0 0 0 0 0 0 0 0 0 0 0 0 0
/cableNode/rigidBase/MappedFrames/FramesMO.10(V_DERIV) = -1.96425e-11 -5.75681e-09 2.6899e-10 -1.57925e-06 -2.10135e-06 2.29601e-07 4.26219e-07 -0.000252649 4.15162e-05 4.58235e-05 -1.4404e-05 -0.000101286 3.40203e-06 -0.00101287 0.000145337 9.32654e-05 -2.65547e-05 -0.000202802 1.14728e-05 -0.00228068 0.000311893 0.000140746 -3.85534e-05 -0.000304318 4.64703e-05 -0.0062594 0.000561908 0.000245362 -5.80241e-05 -0.0012872 0.000288891 -0.0289594 0.0013702 0.000454783 -9.59476e-05 -0.00325297 0.000537379 -0.0498195 0.00194122 0.000530427 -0.000120692 -0.00509147 0.000894738 -0.0798716 0.00263974 0.000606153 -0.000145179 -0.00692997 0.00136074 -0.119116 0.00346446 0.000681964 -0.000169407 -0.00876846 0.00267564 -0.21431 0.00607475 0.000738165 -0.000333036 -0.0102717 0.00356295 -0.267543 0.00800664 0.000766675 -0.000414694 -0.0110234 0.00485493 -0.331689 0.0110325 0.000799289 -0.000562471 -0.0103618 0.00611221 -0.382433 0.0139687 0.000787959 -0.000572947 -0.00994072 0.00752162 -0.431067 0.0169721 0.000776665 -0.000583465 -0.00951964 0.0104068 -0.514309 0.0224645 0.000742034 -0.0005628 -0.0092719 0.0122504 -0.561282 0.0253281 0.000713179 -0.000530102 -0.00959256 0.0143058 -0.610396 0.0280644 0.000684952 -0.000506863 -0.0100692 0.0166006 -0.662421 0.0307199 0.00065757 -0.000497108 -0.0107601 0.0180999 -0.695228 0.0322979 0.000647507 -0.000496325 -0.0111328
/cableNode/rateAngularDeform/rateAngularDeformMO.constraint = 0 6 0 0.453376 112.879 -57.2688  1 1.12139 112.837 -55.6558  2 1.32851 112.773 -53.1731  3 1.63883 112.681 -50.3241  4 0.8955 45.0291 -19.081  5 0.986406 38.3779 -15.7606  
1 6 0 -112.853 0.55988 944.992  1 -112.784 1.47383 720.007  2 -112.713 1.80765 495.033  3 -112.623 2.00178 270.079  4 -45.022 0.973843 45.0535  5 -38.3862 1.02416 16.2439  
2 6 0 53.5938 -945.208 0.102705  1 48.4758 -720.514 0.340765  2 47.1775 -495.604 0.456764  3 46.302 -270.738 0.31786  4 18.1185 -45.3948 0.0501326  5 15.2967 -16.6147 0.010413  
3 6 0 -0.000448858 0.380173 -57.4463  1 -0.00270194 0.3432 -55.7905  2 -0.00821312 0.281483 -53.2553  3 -0.0202092 0.193615 -50.3708  4 -0.0134372 0.0384125 -19.0927  5 -0.0130657 0.0160358 -15.6091  
4 6 0 -0.354847 0.106074 945.087  1 -0.28975 0.349797 720.094  2 -0.22148 0.471041 495.108  3 -0.135485 0.342891 270.127  4 -0.0313059 0.0649721 45.0597  5 -0.022451 0.0274467 18.1811  
5 6 0 53.7839 -945.308 0.10271  1 48.6652 -720.615 0.340793  2 47.3667 -495.706 0.456818  3 46.4909 -270.84 0.317899  4 18.1938 -45.4361 0.0501328  5 15.1504 -18.587 0.0133839  
6 6 0 -0.454273 -112.119 -57.5747  1 -1.12679 -112.151 -55.8763  2 -1.34493 -112.211 -53.2886  3 -1.67922 -112.294 -50.3685  4 -0.922361 -44.9524 -19.0847  5 -1.01285 -38.3492 -15.7604  
7 6 0 112.144 -0.347735 945.178  1 112.205 -0.774236 720.177  2 112.271 -0.865576 495.179  3 112.352 -1.316 270.17  4 44.9595 -0.843903 45.0643  5 38.3408 -0.97499 16.2448  
8 6 0 53.9249 -945.404 0.102716  1 48.8057 -720.711 0.340825  2 47.507 -495.803 0.456879  3 46.6309 -270.937 0.317956  4 18.2496 -45.4753 0.0501454  5 15.408 -16.6846 0.0104144  
9 3 0 -0.455121 -112.396 -49.7779  1 -1.12867 -112.425 -48.0793  2 -0.822402 -68.6519 -28.223  
10 3 0 112.406 -0.401253 490.661  1 112.43 -1.00164 265.66  2 68.6378 -0.767703 56.2857  
11 3 0 47.9617 -490.861 0.0505054  1 45.5508 -266.139 0.116529  2 27.6127 -56.6319 0.0432615  
12 3 0 -0.00129694 0.103509 -49.6775  1 -0.00458182 0.0694908 -48.0217  2 -0.00562429 0.0173734 -29.0031  
13 3 0 -0.0931746 0.0525649 490.639  1 -0.0644669 0.12243 265.646  2 -0.031995 0.0505638 57.4752  
14 3 0 47.8485 -490.834 0.0505063  1 45.4377 -266.112 0.116528  2 28.3169 -57.8161 0.0443489  
15 3 0 0.452524 112.602 -49.5774  1 1.1195 112.563 -47.9643  2 0.811549 68.6853 -28.2033  
16 3 0 -112.591 0.506379 490.617  1 -112.558 1.24649 265.632  2 -68.6993 0.866212 56.2798  
17 3 0 47.7354 -490.808 0.0505071  1 45.3248 -266.085 0.116528  2 27.4696 -56.5969 0.0432602  
18 2 0 -0.154572 -61.6488 -24.9968  1 -0.0101648 -1.16417 -0.474186  
19 2 0 61.6479 -0.151613 46.9066  1 1.16403 -0.010077 0.188878  
20 2 0 24.9152 -46.9706 0.00178192  1 0.472982 -0.193091 1.19579e-05  
21 2 0 -0.000663044 0.00402669 -27.4903  1 -4.5688e-05 6.86023e-05 -0.588949  
22 2 0 -0.00514661 0.0025313 48.4304  1 -0.000240783 6.32173e-05 0.234619  
23 2 0 27.3991 -48.503 0.00184539  1 0.586991 -0.239733 1.48578e-05  
24 2 0 0.153415 61.656 -24.9865  1 0.0100912 1.16428 -0.473983  
25 2 0 -61.6568 0.156373 46.9042  1 -1.16442 0.0101788 0.188842  
26 2 0 24.8963 -46.9652 0.00178199  1 0.472034 -0.192863 1.19621e-05  
27 10 0 0.00104783 0.779846 -60.7973  1 0.00091001 0.741588 -59.1417  2 -0.00422687 0.678306 -56.6066  3 -0.0159103 0.589377 -53.7222  4 -0.0112414 0.196504 -20.4333  5 -0.0308802 0.357315 -47.1059  6 -0.0129177 0.100105 -19.4475  7 -0.0114351 0.0608591 -17.5128  8 -0.00771569 0.020646 -11.2282  9 -0.00342864 0.00262922 -4.65578  
28 10 0 -0.73793 0.163666 1430.67  1 -0.633948 0.593775 1205.67  2 -0.510347 0.941397 980.689  3 -0.303582 0.965683 755.708  4 -0.0411261 0.343663 239.292  5 -0.023769 0.650623 440.782  6 -0.0102002 0.186162 128.74  7 -0.0163894 0.111355 79.7787  8 -0.0129344 0.0367648 27.0122  9 -0.00585766 0.0045841 3.28805  
29 10 0 55.176 -1430.9 0.15866  1 47.1642 -1206.2 0.580966  2 44.9479 -981.292 0.922979  3 42.681 -756.416 0.936693  4 15.6109 -239.656 0.327588  5 34.5238 -441.96 0.608656  6 14.6267 -129.379 0.169001  7 14.2126 -80.4347 0.0966507  8 10.0303 -27.4811 0.0275433  9 4.50137 -3.49734 0.000767042  
30 10 0 -0.452775 -111.719 -60.9256  1 -1.12318 -111.753 -59.2272  2 -1.34094 -111.814 -56.6398  3 -1.67492 -111.898 -53.7198  4 -0.920164 -44.7942 -20.4253  5 -3.29734 -112.094 -47.0814  6 -1.98039 -52.3629 -19.4378  7 -2.18266 -52.3941 -17.5061  8 -1.66139 -37.4428 -11.2252  9 -0.55352 -12.0459 -3.364  
31 10 0 111.761 -0.290143 1430.76  1 111.86 -0.530258 1205.76  2 111.982 -0.39522 980.758  3 112.184 -0.693212 755.749  4 44.9496 -0.565212 239.296  5 112.428 -2.61572 440.777  6 52.4528 -1.78125 128.739  7 52.4386 -2.05981 79.7805  8 37.4505 -1.61687 27.0145  9 12.0435 -0.547823 2.29338  
32 10 0 55.3169 -1430.99 0.158666  1 47.3046 -1206.3 0.580997  2 45.0881 -981.387 0.923038  3 42.8209 -756.512 0.936748  4 15.6667 -239.694 0.327599  5 34.6623 -442.058 0.608671  6 14.6909 -129.425 0.169008  7 14.2767 -80.4809 0.0966585  8 10.0759 -27.5142 0.0275487  9 3.27153 -2.45458 0.000446207  
33 10 0 0.454872 113.279 -60.6572  1 1.125 113.236 -59.0443  2 1.33249 113.17 -56.5618  3 1.64311 113.077 -53.7129  4 0.897686 45.1873 -20.4365  5 3.2356 112.809 -47.1186  6 1.95456 52.5632 -19.4517  7 2.15979 52.5159 -17.514  8 1.64596 37.4842 -11.2273  9 0.54856 12.0496 -3.36418  
34 10 0 -113.237 0.617476 1430.59  1 -113.128 1.71782 1205.61  2 -113.002 2.27803 980.635  3 -112.791 2.6246 755.681  4 -45.0319 1.25255 239.294  5 -112.476 3.917 440.802  6 -52.4733 2.15359 128.749  7 -52.4714 2.28253 79.7841  8 -37.4764 1.69041 27.015  9 -12.052 0.554232 2.29338  
35 10 0 55.0232 -1430.82 0.158656  1 47.0119 -1206.13 0.580944  2 44.7958 -981.212 0.922937  3 42.5291 -756.336 0.936664  4 15.5503 -239.623 0.327589  5 34.373 -441.878 0.608675  6 14.5566 -129.34 0.16901  7 14.1428 -80.3953 0.0966572  8 9.98044 -27.4528 0.0275478  9 3.24101 -2.4348 0.000446074  


--- NEW SESSION: 07/01/2020 18:40:25 ---
/cableNode/rigidBase/MappedFrames/FramesMO.derivX = 0 0 0 0 0 0 0 0 0 0 0 0 0 0 0 0 0 0 0 0 0 0 0 0 0 0 0 0 0 0 0 0 0 0 0 0 0 0 0 0 0 0 0 0 0 0 0 0 0 0 0 0 0 0 0 0 0 0 0 0 0 0 0 0 0 0 0 0 0 0 0 0 0 0 0 0 0 0 0 0 0 0 0 0 0 0 0 0 0 0 0 0 0 0 0 0 0 0 0 0 0 0 0 0 0 0 0 0 0 0 0 0 0 0
/cableNode/rigidBase/MappedFrames/FramesMO.velocity = 0 0 0 0 0 0 0 0 0 0 0 0 0 0 0 0 0 0 0 0 0 0 0 0 0 0 0 0 0 0 0 0 0 0 0 0 0 0 0 0 0 0 0 0 0 0 0 0 0 0 0 0 0 0 0 0 0 0 0 0 0 0 0 0 0 0 0 0 0 0 0 0 0 0 0 0 0 0 0 0 0 0 0 0 0 0 0 0 0 0 0 0 0 0 0 0 0 0 0 0 0 0 0 0 0 0 0 0 0 0 0 0 0 0
/cableNode/rigidBase/MappedFrames/FramesMO.force = 0 0 0 0 0 0 0 0 0 0 0 0 0 0 0 0 0 0 0 0 0 0 0 0 0 0 0 0 0 0 0 0 0 0 0 0 0 0 0 0 0 0 0 0 0 0 0 0 0 0 0 0 0 0 0 0 0 0 0 0 0 0 0 0 0 0 0 0 0 0 0 0 0 0 0 0 0 0 0 0 0 0 0 0 0 0 0 0 0 0 0 0 0 0 0 0 0 0 0 0 0 0 0 0 0 0 0 0 0 0 0 0 0 0
/cableNode/rigidBase/MappedFrames/FramesMO.externalForce = 0 0 0 0 0 0 0 0 0 0 0 0 0 0 0 0 0 0 0 0 0 0 0 0 0 0 0 0 0 0 0 0 0 0 0 0 0 0 0 0 0 0 0 0 0 0 0 0 0 0 0 0 0 0 0 0 0 0 0 0 0 0 0 0 0 0 0 0 0 0 0 0 0 0 0 0 0 0 0 0 0 0 0 0 0 0 0 0 0 0 0 0 0 0 0 0 0 0 0 0 0 0 0 0 0 0 0 0 0 0 0 0 0 0
/cableNode/rigidBase/MappedFrames/FramesMO.showObjectScale = 10
/cableNode/rigidBase/MappedFrames/FramesMO.9(V_DERIV) = 0 0 0 0 0 0 0 0 0 0 0 0 0 0 0 0 0 0 0 0 0 0 0 0 0 0 0 0 0 0 0 0 0 0 0 0 0 0 0 0 0 0 0 0 0 0 0 0 0 0 0 0 0 0 0 0 0 0 0 0 0 0 0 0 0 0 0 0 0 0 0 0 0 0 0 0 0 0 0 0 0 0 0 0 0 0 0 0 0 0 0 0 0 0 0 0 0 0 0 0 0 0 0 0 0 0 0 0 0 0 0 0 0 0
/cableNode/rigidBase/MappedFrames/FramesMO.10(V_DERIV) = 0 0 0 0 0 0 0 0 0 0 0 0 0 0 0 0 0 0 0 0 0 0 0 0 0 0 0 0 0 0 0 0 0 0 0 0 0 0 0 0 0 0 0 0 0 0 0 0 0 0 0 0 0 0 0 0 0 0 0 0 0 0 0 0 0 0 0 0 0 0 0 0 0 0 0 0 0 0 0 0 0 0 0 0 0 0 0 0 0 0 0 0 0 0 0 0 0 0 0 0 0 0 0 0 0 0 0 0 0 0 0 0 0 0
/cableNode/rigidBase/MappedFrames/FramesMO.dforce(V_DERIV) = 0 0 0 0 0 0 0 0 0 0 0 0 0 0 0 0 0 0 0 0 0 0 0 0 0 0 0 0 0 0 0 0 0 0 0 0 0 0 0 0 0 0 0 0 0 0 0 0 0 0 0 0 0 0 0 0 0 0 0 0 0 0 0 0 0 0 0 0 0 0 0 0 0 0 0 0 0 0 0 0 0 0 0 0 0 0 0 0 0 0 0 0 0 0 0 0 0 0 0 0 0 0 0 0 0 0 0 0 0 0 0 0 0 0
/cableNode/rateAngularDeform/rateAngularDeformMO.constraint = 0 6 0 24.1309 106.137 -593.658  1 55.2159 97.5557 -508.233  2 68.3125 90.3739 -382.38  3 79.1273 80.8804 -233.246  4 34.6065 28.869 -46.7788  5 31.0059 22.5179 -22.1665  
1 6 0 -104.587 18.7236 697.669  1 -95.0445 48.3715 491.486  2 -86.8796 62.2458 305.532  3 -77.8676 75.3329 137.564  4 -28.0935 33.9888 12.6273  5 -22.0477 30.8496 -3.14455  
2 6 0 435.655 -802.431 -3.44674  1 202.091 -678.389 -5.38245  2 118.128 -476.17 -5.70616  3 70.9782 -262.993 -3.90295  4 20.8472 -44.5648 -0.654305  5 16.4213 -16.5607 -0.152777  
3 6 0 0.210131 -2.85029 -592.308  1 -0.418577 -0.077784 -507.365  2 -0.676511 1.60159 -381.902  3 -0.660629 1.69084 -233.071  4 -0.215268 0.375725 -46.7843  5 -0.162854 0.167723 -23.5524  
4 6 0 4.38772 -5.19834 698.721  1 2.57147 -7.26453 492.32  2 1.8722 -6.74579 305.989  3 1.30008 -4.45624 137.663  4 0.390893 -0.832694 12.582  5 0.309733 -0.356713 -1.9534  
5 6 0 433.49 -802.888 -3.45476  1 199.872 -678.179 -5.39045  2 115.96 -475.647 -5.71052  3 68.8958 -262.197 -3.90331  4 20.0481 -44.1677 -0.653531  5 15.5233 -18.0501 -0.188654  
6 6 0 -23.7081 -111.824 -590.625  1 -56.0466 -97.7004 -506.164  2 -69.6574 -87.1624 -381.09  3 -80.4394 -77.493 -232.562  4 -35.0332 -28.1159 -46.6563  5 -31.3315 -22.2177 -22.1164  
7 6 0 113.346 -29.1189 700.145  1 100.172 -62.8961 493.525  2 90.6093 -75.7325 306.818  3 80.454 -84.2402 138.133  4 28.87 -35.6519 12.6853  5 22.6688 -31.4872 -3.13585  
8 6 0 430.922 -803.634 -3.46543  1 197.18 -678.127 -5.40204  2 113.302 -475.212 -5.71866  3 66.3152 -261.425 -3.90738  4 19.0495 -43.7614 -0.654238  5 14.9098 -15.7546 -0.152456  
9 3 0 -23.7967 -110.197 -269.75  1 -55.7535 -97.6348 -185.285  2 -41.2474 -54.8025 -56.2105  
10 3 0 110.708 -26.6653 397.857  1 98.472 -58.3107 191.255  2 55.3689 -41.8714 27.1229  
11 3 0 184.329 -442.541 -2.01045  1 68.2032 -257.111 -2.029  2 28.408 -55.0346 -0.542251  
12 3 0 0.123579 -1.21012 -270.711  1 -0.119616 -0.00287933 -185.764  2 -0.12831 0.160243 -57.6839  
13 3 0 1.72968 -2.74423 397.05  1 0.852801 -2.6757 190.666  2 0.433065 -0.764277 27.3143  
14 3 0 186.066 -442.239 -2.00438  1 69.9638 -257.34 -2.02325  2 30.2904 -56.4777 -0.552882  
15 3 0 24.0452 107.784 -271.57  1 55.5178 97.635 -186.14  2 41.0028 55.1149 -56.3555  
16 3 0 -107.257 21.1766 396.577  1 -96.7749 52.9601 190.412  2 -54.5327 40.3787 26.947  
17 3 0 187.632 -442.239 -2.00048  1 71.4698 -257.81 -2.0209  2 30.3934 -55.6928 -0.540409  
18 2 0 -8.02351 -60.9602 -32.793  1 -0.520747 -1.04163 -0.500686  
19 2 0 61.0503 -8.26933 39.2578  1 1.04577 -0.522389 -0.0484177  
20 2 0 28.7527 -43.0659 -0.141411  1 0.463653 -0.175642 0.000669361  
21 2 0 0.0368728 -0.111284 -35.757  1 -6.10519e-05 -0.000553573 -0.622975  
22 2 0 0.217665 -0.219014 39.6221  1 0.00574985 -0.00212877 -0.0608328  
23 2 0 31.8689 -44.1441 -0.139932  1 0.588715 -0.224197 0.000837971  
24 2 0 8.09187 60.7535 -32.9791  1 0.520649 1.04074 -0.502262  
25 2 0 -60.661 7.84474 39.2307  1 -1.03651 0.518962 -0.0495191  
26 2 0 29.552 -43.3137 -0.141015  1 0.484139 -0.1853 0.000679717  
27 10 0 -0.161449 -7.16763 -1007.11  1 -1.92809 -2.14671 -922.186  2 -2.68881 1.75851 -796.726  3 -2.77744 3.82468 -647.889  4 -0.96483 1.72584 -212.709  5 -1.5951 3.73738 -404.718  6 -0.383318 1.19537 -123.2  7 -0.234567 0.742604 -79.1122  8 -0.112754 0.251291 -28.4551  9 -0.0435309 0.0312812 -4.15584  
28 10 0 10.4737 -7.86934 914.056  1 7.55042 -12.6781 707.634  2 6.14817 -13.8488 521.269  3 4.70341 -12.9405 352.908  4 1.41553 -4.56061 98.6712  5 2.40739 -8.97439 153.835  6 0.695912 -2.74311 31.7329  7 0.4955 -1.72141 10.4384  8 0.262062 -0.590312 -3.08932  9 0.103709 -0.0741838 -3.77745  
29 10 0 789.56 -1099.7 -4.26844  1 453.358 -1070.18 -7.93217  2 311.2 -899.898 -10.3876  3 208.13 -707.895 -10.4789  4 58.4463 -227.064 -3.74145  5 100.148 -421.424 -7.03751  6 30.2736 -123.586 -1.91788  7 21.9502 -76.7827 -1.00503  8 11.641 -26.2201 -0.203556  9 4.59825 -3.29264 0.0457633  
30 10 0 -24.0802 -116.145 -1005.71  1 -57.5579 -99.7721 -921.263  2 -71.672 -87.0066 -796.193  3 -82.5587 -75.3588 -647.658  4 -35.7837 -26.7653 -212.692  5 -94.9227 -58.9189 -404.874  6 -46.6833 -23.522 -123.357  7 -48.4651 -19.9271 -79.3013  8 -35.8855 -10.9317 -28.6014  9 -11.8318 -2.446 -2.92257  
31 10 0 119.437 -31.7932 915.838  1 105.154 -68.3161 709.198  2 94.8882 -82.844 522.457  3 83.8592 -92.7348 353.738  4 29.895 -39.3844 98.9181  5 65.0329 -102.312 154.371  6 25.3982 -49.0468 31.9763  7 21.1498 -49.9545 10.6944  8 11.4338 -36.3638 -2.89939  9 2.53975 -11.8502 -2.7491  
32 10 0 787.185 -1100.85 -4.28097  1 450.729 -1070.57 -7.9477  2 308.54 -899.917 -10.4019  3 205.491 -707.573 -10.4909  4 57.4069 -226.835 -3.74579  5 97.6173 -420.608 -7.04975  6 29.1362 -123.088 -1.9247  7 20.8597 -76.1895 -1.01256  8 10.9092 -25.7194 -0.209229  9 3.15656 -2.05384 0.0342723  
33 10 0 23.7576 101.806 -1009.42  1 53.7011 95.4787 -924.005  2 66.2933 90.5281 -798.155  3 77.003 83.0165 -649.016  4 33.8541 30.2212 -213.084  5 91.7344 66.4056 -405.459  6 45.9187 25.9185 -123.461  7 47.9987 21.4179 -79.3407  8 35.6625 11.438 -28.6072  9 11.7689 2.48964 -2.92267  
34 10 0 -98.4836 16.046 913.436  1 -90.0506 42.9442 707.232  2 -82.5905 55.125 521.245  3 -74.4534 66.8275 353.242  4 -27.0653 30.2516 98.8895  5 -60.2257 84.3332 154.461  6 -24.0121 43.5463 32.0321  7 -20.166 46.498 10.725  8 -10.9159 35.174 -2.89168  9 -2.38982 11.7467 -2.74848  
35 10 0 792.555 -1099.87 -4.26192  1 456.188 -1071.23 -7.92937  2 313.852 -901.346 -10.3931  3 210.575 -709.67 -10.4926  4 59.3523 -227.865 -3.74886  5 102.213 -423.63 -7.05733  6 31.1291 -124.708 -1.92694  7 22.7066 -77.9733 -1.01362  8 12.092 -27.1211 -0.209457  9 3.49106 -2.53954 0.0342575  


--- NEW SESSION: 16/02/2020 19:53:51 ---
/cableNode/rateAngularDeform/BeamHookeLawForce.tension = 9990

--- NEW SESSION: 17/02/2020 11:02:33 ---
/cableNode/rateAngularDeform/cableConstraint.value = 100
/cableNode/rateAngularDeform/cableConstraint.cableLength = 0.0355578
/cableNode/rateAngularDeform/cableConstraint.displacement = -0.0355578
/cableNode/rateAngularDeform/cableConstraint.force = 100
/cableNode/rateAngularDeform/cableConstraint.value = -150
/cableNode/rateAngularDeform/cableConstraint.cableLength = 0.0537576
/cableNode/rateAngularDeform/cableConstraint.displacement = -0.0537576
/cableNode/rateAngularDeform/cableConstraint.force = -150
