
--- NEW SESSION: 26/03/2020 14:57:41 ---
/rateAngularDeform/rateAngularDeformMO.showObject = 1
/rigidBase/MappedFrames/FramesMO.velocity = 0 0 0 0 0 0 0 0 0 0 0 0 0 0 0 0 0 0 0 0 0 0 0 0 0 0 0 0 0 0 0 0 0 0 0 0 0 0 0 0 0 0
/rigidBase/MappedFrames/FramesMO.force = 0 0 0 0 0 0 0 0 0 0 0 0 0 0 0 0 0 0 0 0 0 0 0 0 0 0 0 0 0 0 0 0 0 0 0 0 0 0 0 0 0 0
/rigidBase/MappedFrames/FramesMO.derivX = 0 0 0 0 0 0 0 0 0 0 0 0 0 0 0 0 0 0 0 0 0 0 0 0 0 0 0 0 0 0 0 0 0 0 0 0 0 0 0 0 0 0
/rigidBase/MappedFrames/FramesMO.externalForce = 0 0 0 0 0 0 0 0 0 0 0 0 0 0 0 0 0 0 0 0 0 0 0 0 0 0 0 0 0 0 0 0 0 0 0 0 0 0 0 0 0 0
/rigidBase/MappedFrames/FramesMO.10(V_DERIV) = 0 0 0 0 0 0 0 0 0 0 0 0 0 0 0 0 0 0 0 0 0 0 0 0 0 0 0 0 0 0 0 0 0 0 0 0 0 0 0 0 0 0
/rigidBase/MappedFrames/FramesMO.9(V_DERIV) = 0 0 0 0 0 0 0 0 0 0 0 0 0 0 0 0 0 0 0 0 0 0 0 0 0 0 0 0 0 0 0 0 0 0 0 0 0 0 0 0 0 0
/rigidBase/MappedFrames/FramesMO.dforce(V_DERIV) = 0 0 0 0 0 0 0 0 0 0 0 0 0 0 0 0 0 0 0 0 0 0 0 0 0 0 0 0 0 0 0 0 0 0 0 0 0 0 0 0 0 0
/rigidBase/MappedFrames/FramesMO.force = 0 0 0 0 0 0 0 0 0 0 0 0 0 0 0 0 0 0 0 0 0 0 0 0 0 0 0 0 0 0 0 0 0 0 0 0 0 0 0 0 0 0
/rigidBase/MappedFrames/FramesMO.velocity = 0 0 0 0 0 0 0 0 0 0 0 0 0 0 0 0 0 0 0 0 0 0 0 0 0 0 0 0 0 0 0 0 0 0 0 0 0 0 0 0 0 0
/rigidBase/MappedFrames/FramesMO.externalForce = 0 0 0 0 0 0 0 0 0 0 0 0 0 0 0 0 0 0 0 0 0 0 0 0 0 0 0 0 0 0 0 0 0 0 0 0 0 0 0 0 0 0
/rigidBase/MappedFrames/FramesMO.derivX = 0 0 0 0 0 0 0 0 0 0 0 0 0 0 0 0 0 0 0 0 0 0 0 0 0 0 0 0 0 0 0 0 0 0 0 0 0 0 0 0 0 0
/rigidBase/MappedFrames/FramesMO.10(V_DERIV) = 0 0 0 0 0 0 0 0 0 0 0 0 0 0 0 0 0 0 0 0 0 0 0 0 0 0 0 0 0 0 0 0 0 0 0 0 0 0 0 0 0 0
/rigidBase/MappedFrames/FramesMO.dforce(V_DERIV) = 0 0 0 0 0 0 0 0 0 0 0 0 0 0 0 0 0 0 0 0 0 0 0 0 0 0 0 0 0 0 0 0 0 0 0 0 0 0 0 0 0 0
/rigidBase/MappedFrames/FramesMO.9(V_DERIV) = 0 0 0 0 0 0 0 0 0 0 0 0 0 0 0 0 0 0 0 0 0 0 0 0 0 0 0 0 0 0 0 0 0 0 0 0 0 0 0 0 0 0
/rigidBase/MappedFrames/FramesMO.velocity = 0 0 0 0 0 0 0 0 0 0 0 0 0 0 0 0 0 0 0 0 0 0 0 0 0 0 0 0 0 0 0 0 0 0 0 0 0 0 0 0 0 0
/rigidBase/MappedFrames/FramesMO.force = 0 0 0 0 0 0 0 0 0 0 0 0 0 0 0 0 0 0 0 0 0 0 0 0 0 0 0 0 0 0 0 0 0 0 0 0 0 0 0 0 0 0
/rigidBase/MappedFrames/FramesMO.externalForce = 0 0 0 0 0 0 0 0 0 0 0 0 0 0 0 0 0 0 0 0 0 0 0 0 0 0 0 0 0 0 0 0 0 0 0 0 0 0 0 0 0 0
/rigidBase/MappedFrames/FramesMO.derivX = 0 0 0 0 0 0 0 0 0 0 0 0 0 0 0 0 0 0 0 0 0 0 0 0 0 0 0 0 0 0 0 0 0 0 0 0 0 0 0 0 0 0
/rigidBase/MappedFrames/FramesMO.9(V_DERIV) = 0 0 0 0 0 0 0 0 0 0 0 0 0 0 0 0 0 0 0 0 0 0 0 0 0 0 0 0 0 0 0 0 0 0 0 0 0 0 0 0 0 0
/rigidBase/MappedFrames/FramesMO.10(V_DERIV) = 0 0 0 0 0 0 0 0 0 0 0 0 0 0 0 0 0 0 0 0 0 0 0 0 0 0 0 0 0 0 0 0 0 0 0 0 0 0 0 0 0 0
/rigidBase/MappedFrames/FramesMO.dforce(V_DERIV) = 0 0 0 0 0 0 0 0 0 0 0 0 0 0 0 0 0 0 0 0 0 0 0 0 0 0 0 0 0 0 0 0 0 0 0 0 0 0 0 0 0 0
/rigidBase/MappedFrames/FramesMO.force = 0 0 0 0 0 0 0 0 0 0 0 0 0 0 0 0 0 0 0 0 0 0 0 0 0 0 0 0 0 0 0 0 0 0 0 0 0 0 0 0 0 0
/rigidBase/MappedFrames/FramesMO.velocity = 2.27056e-06 2.78854e-06 1.85909e-06 3.39947e-09 1.43856e-06 -2.16016e-06 8.86599e-06 8.49539e-06 5.66857e-06 2.63392e-09 9.08098e-07 -1.36585e-06 1.33579e-05 1.11912e-05 7.46805e-06 1.63855e-09 3.1884e-07 -4.83179e-07 8.74446e-06 1.14965e-05 7.67138e-06 -9.0074e-10 -1.35323e-06 2.02541e-06 -6.13813e-06 2.16725e-05 1.4452e-05 -2.54781e-09 -3.0239e-06 4.53493e-06 -1.90114e-05 4.67051e-05 3.11371e-05 -1.31442e-09 -4.25968e-06 6.38934e-06 -2.47612e-05 8.28582e-05 5.52387e-05 -1.59093e-11 -5.49576e-06 8.24356e-06
/rigidBase/MappedFrames/FramesMO.externalForce = 
/rigidBase/MappedFrames/FramesMO.constraint = 0 1 6 1 0 0 0 0 0  
1 1 6 0 1 0 0 0 0  
2 1 6 0 0 1 0 0 0  
3 1 6 0 0 0 1 0 0  
4 1 6 0 0 0 0 1 0  
5 1 6 0 0 0 0 0 1  

/rigidBase/MappedFrames/FramesMO.free_velocity = 1.08767 1.57774 1.05183 6.10523e-11 1.35043 -2.02565 8.43557 7.86719 5.2448 -2.52526e-09 1.25196 -1.87794 17.2623 13.0077 8.6718 -5.39894e-09 1.14254 -1.71382 25.3668 14.0674 9.37827 -7.91853e-09 0.722165 -1.08325 29.1244 11.9932 7.99548 -1.04381e-08 0.301787 -0.452681 29.9675 10.453 6.96869 -3.32247e-09 0.150894 -0.22634 30.0912 9.89782 6.59855 3.79318e-09 -4.95471e-08 3.03211e-08
/rigidBase/MappedFrames/FramesMO.derivX = 0 0 0 0 0 0 0 0 0 0 0 0 0 0 0 0 0 0 0 0 0 0 0 0 0 0 0 0 0 0 0 0 0 0 0 0 0 0 0 0 0 0
/rigidBase/MappedFrames/FramesMO.dforce(V_DERIV) = 0 0 0 0 0 0 0 0 0 0 0 0 0 0 0 0 0 0 0 0 0 0 0 0 0 0 0 0 0 0 0 0 0 0 0 0 0 0 0 0 0 0
/rigidBase/MappedFrames/FramesMO.9(V_DERIV) = 0 0 0 0 0 0 0 0 0 0 0 0 0 0 0 0 0 0 0 0 0 0 0 0 0 0 0 0 0 0 0 0 0 0 0 0 -15.518 -39.7765 -26.5176 -2.27523e-06 -46.7105 70.0658
/rigidBase/MappedFrames/FramesMO.10(V_DERIV) = -0.0108766 -0.0157774 -0.0105183 3.36664e-11 -0.0135043 0.0202565 -0.0843556 -0.0786718 -0.0524479 5.18827e-11 -0.0125196 0.0187794 -0.172623 -0.130077 -0.0867179 7.06898e-11 -0.0114254 0.0171382 -0.253667 -0.140674 -0.0937826 7.0495e-11 -0.00722167 0.0108325 -0.291244 -0.119932 -0.0799546 7.91342e-11 -0.0030179 0.00452685 -0.299675 -0.10453 -0.0696866 2.03053e-11 -0.00150898 0.00226347 -0.300912 -0.0989774 -0.0659849 -3.78789e-11 -5.44617e-08 8.21327e-08
